<?xml version="1.0" encoding="UTF-8" ?>
<testsuite tests="44" failures="0" name="testRunner.TestRunner" time="0.013" errors="0" skipped="0">
  <properties>
    <property name="java.runtime.name" value="Java(TM) SE Runtime Environment"/>
    <property name="java.vm.version" value="11.0.2+9-LTS"/>
    <property name="sun.boot.library.path" value="C:\Program Files\Java\jdk-11.0.2\bin"/>
    <property name="maven.multiModuleProjectDirectory" value="C:\Users\LVSS\Documents\GitHub\nopCommerce_V001_Cucumber-\nopCommerceV001_Cucumber_05"/>
    <property name="java.vm.vendor" value="Oracle Corporation"/>
    <property name="java.vendor.url" value="http://java.oracle.com/"/>
    <property name="guice.disable.misplaced.annotation.check" value="true"/>
    <property name="path.separator" value=";"/>
    <property name="java.vm.name" value="Java HotSpot(TM) 64-Bit Server VM"/>
    <property name="sun.os.patch.level" value=""/>
    <property name="user.script" value=""/>
    <property name="user.country" value="IN"/>
    <property name="sun.java.launcher" value="SUN_STANDARD"/>
    <property name="java.vm.specification.name" value="Java Virtual Machine Specification"/>
    <property name="user.dir" value="C:\Users\LVSS\Documents\GitHub\nopCommerce_V001_Cucumber-\nopCommerceV001_Cucumber_05"/>
    <property name="java.vm.compressedOopsMode" value="32-bit"/>
    <property name="java.runtime.version" value="11.0.2+9-LTS"/>
    <property name="java.awt.graphicsenv" value="sun.awt.Win32GraphicsEnvironment"/>
    <property name="os.arch" value="amd64"/>
    <property name="java.io.tmpdir" value="C:\Users\LVSS\AppData\Local\Temp\"/>
    <property name="line.separator" value="
"/>
    <property name="java.vm.specification.vendor" value="Oracle Corporation"/>
    <property name="user.variant" value=""/>
    <property name="os.name" value="Windows 10"/>
    <property name="classworlds.conf" value="C:\Selenium required Stuff\apache-maven-3.6.3\bin\..\bin\m2.conf"/>
    <property name="sun.jnu.encoding" value="Cp1252"/>
    <property name="java.library.path" value="C:\Program Files\Java\jdk-11.0.2\bin;C:\WINDOWS\Sun\Java\bin;C:\WINDOWS\system32;C:\WINDOWS;C:\WINDOWS\system32;C:\WINDOWS;C:\WINDOWS\System32\Wbem;C:\WINDOWS\System32\WindowsPowerShell\v1.0\;C:\Program Files\Java\jre-10.0.2\bin;C:\Program Files\Java\jdk-11.0.2\bin;C:\WINDOWS\System32\OpenSSH\;C:\Program Files (x86)\Intel\Intel(R) Management Engine Components\DAL;C:\Program Files\Intel\Intel(R) Management Engine Components\DAL;C:\Program Files\Microsoft SQL Server\130\Tools\Binn\;C:\Program Files\Git\cmd;C:\Users\LVSS\AppData\Local\Programs\Python\Python38\Scripts\;C:\Users\LVSS\AppData\Local\Programs\Python\Python38\;C:\Users\LVSS\AppData\Local\Microsoft\WindowsApps;C:\Users\LVSS\AppData\Local\Programs\Microsoft VS Code\bin;C:\Selenium required Stuff\apache-maven-3.6.3\bin;C:\Users\LVSS\AppData\Local\GitHubDesktop\bin;."/>
    <property name="maven.conf" value="C:\Selenium required Stuff\apache-maven-3.6.3\bin\../conf"/>
    <property name="jdk.debug" value="release"/>
    <property name="java.class.version" value="55.0"/>
    <property name="java.specification.name" value="Java Platform API Specification"/>
    <property name="sun.management.compiler" value="HotSpot 64-Bit Tiered Compilers"/>
    <property name="os.version" value="10.0"/>
    <property name="library.jansi.path" value="C:\Selenium required Stuff\apache-maven-3.6.3\bin\..\lib\jansi-native"/>
    <property name="user.home" value="C:\Users\LVSS"/>
    <property name="user.timezone" value="Asia/Calcutta"/>
    <property name="java.awt.printerjob" value="sun.awt.windows.WPrinterJob"/>
    <property name="file.encoding" value="Cp1252"/>
    <property name="java.specification.version" value="11"/>
    <property name="user.name" value="LVSS"/>
    <property name="java.class.path" value="C:\Selenium required Stuff\apache-maven-3.6.3\bin\..\boot\plexus-classworlds-2.6.0.jar"/>
    <property name="java.vm.specification.version" value="11"/>
    <property name="sun.arch.data.model" value="64"/>
    <property name="sun.java.command" value="org.codehaus.plexus.classworlds.launcher.Launcher clean install"/>
    <property name="java.home" value="C:\Program Files\Java\jdk-11.0.2"/>
    <property name="user.language" value="en"/>
    <property name="java.specification.vendor" value="Oracle Corporation"/>
    <property name="awt.toolkit" value="sun.awt.windows.WToolkit"/>
    <property name="java.vm.info" value="mixed mode"/>
    <property name="java.version" value="11.0.2"/>
    <property name="java.vendor" value="Oracle Corporation"/>
    <property name="sun.stderr.encoding" value="cp437"/>
    <property name="maven.home" value="C:\Selenium required Stuff\apache-maven-3.6.3\bin\.."/>
    <property name="file.separator" value="\"/>
    <property name="java.version.date" value="2019-01-15"/>
    <property name="java.vendor.url.bug" value="http://bugreport.java.com/bugreport/"/>
    <property name="sun.io.unicode.encoding" value="UnicodeLittle"/>
    <property name="sun.cpu.endian" value="little"/>
    <property name="java.vendor.version" value="18.9"/>
    <property name="sun.stdout.encoding" value="cp437"/>
    <property name="sun.desktop" value="windows"/>
    <property name="sun.cpu.isalist" value="amd64"/>
  </properties>
  <testcase classname="Scenario: Add a new Customer" name="Given User Launch Chrome Browser" time="0.001"/>
  <testcase classname="Scenario: Add a new Customer" name="When User opens url &quot;https://admin-demo.nopcommerce.com/login&quot;" time="0"/>
  <testcase classname="Scenario: Add a new Customer" name="And User enters Email as &quot;admin@yourstore.com&quot; and Password as &quot;admin&quot;" time="0"/>
  <testcase classname="Scenario: Add a new Customer" name="And Click on Login" time="0"/>
  <testcase classname="Scenario: Add a new Customer" name="Then User can view Dashboard" time="0"/>
  <testcase classname="Scenario: Add a new Customer" name="When User click on customers Menu" time="0"/>
  <testcase classname="Scenario: Add a new Customer" name="And click on customers Menu Item" time="0"/>
  <testcase classname="Scenario: Add a new Customer" name="And click on Add new button" time="0"/>
  <testcase classname="Scenario: Add a new Customer" name="Then User can view Add new customer page" time="0"/>
  <testcase classname="Scenario: Add a new Customer" name="When User enter customer info" time="0"/>
  <testcase classname="Scenario: Add a new Customer" name="And click on save button" time="0"/>
  <testcase classname="Scenario: Add a new Customer" name="Then User can view confirmation message &quot;The new customer has been added successfully.&quot;" time="0"/>
  <testcase classname="Scenario: Add a new Customer" name="And close browser" time="0"/>
  <testcase classname="Scenario: Add a new Customer" name="Scenario: Add a new Customer" time="0.004"/>
  <testcase classname="Scenario: Search customer by EmailID" name="Given User Launch Chrome Browser" time="0"/>
  <testcase classname="Scenario: Search customer by EmailID" name="When User opens url &quot;https://admin-demo.nopcommerce.com/login&quot;" time="0"/>
  <testcase classname="Scenario: Search customer by EmailID" name="And User enters Email as &quot;admin@yourstore.com&quot; and Password as &quot;admin&quot;" time="0"/>
  <testcase classname="Scenario: Search customer by EmailID" name="And Click on Login" time="0"/>
  <testcase classname="Scenario: Search customer by EmailID" name="Then User can view Dashboard" time="0"/>
  <testcase classname="Scenario: Search customer by EmailID" name="When User click on customers Menu" time="0"/>
  <testcase classname="Scenario: Search customer by EmailID" name="And click on customers Menu Item" time="0"/>
  <testcase classname="Scenario: Search customer by EmailID" name="And Enter customer Email" time="0"/>
  <testcase classname="Scenario: Search customer by EmailID" name="When Click on search button" time="0"/>
  <testcase classname="Scenario: Search customer by EmailID" name="Then User should found Email in the search table" time="0"/>
  <testcase classname="Scenario: Search customer by EmailID" name="And close browser" time="0"/>
  <testcase classname="Scenario: Search customer by EmailID" name="Scenario: Search customer by EmailID" time="0.002"/>
  <testcase classname="Scenario: Successful Login with Valid credentials" name="Given User Launch Chrome Browser" time="0"/>
  <testcase classname="Scenario: Successful Login with Valid credentials" name="When User opens url &quot;https://admin-demo.nopcommerce.com/login&quot;" time="0"/>
  <testcase classname="Scenario: Successful Login with Valid credentials" name="And User enters Email as &quot;admin@yourstore.com&quot; and Password as &quot;admin&quot;" time="0"/>
  <testcase classname="Scenario: Successful Login with Valid credentials" name="And Click on Login" time="0"/>
  <testcase classname="Scenario: Successful Login with Valid credentials" name="Then Page Title should be &quot;Dashboard / nopCommerce administration&quot;" time="0"/>
  <testcase classname="Scenario: Successful Login with Valid credentials" name="When User click on Logout link" time="0.001"/>
  <testcase classname="Scenario: Successful Login with Valid credentials" name="Then Page Title should be &quot;Your store. Login&quot;" time="0"/>
  <testcase classname="Scenario: Successful Login with Valid credentials" name="And close browser" time="0.001"/>
  <testcase classname="Scenario: Successful Login with Valid credentials" name="Scenario: Successful Login with Valid credentials" time="0.001"/>
  <testcase classname="| admin@yourstore.com | admin |" name="Given User Launch Chrome Browser" time="0"/>
  <testcase classname="| admin@yourstore.com | admin |" name="When User opens url &quot;https://admin-demo.nopcommerce.com/login&quot;" time="0"/>
  <testcase classname="| admin@yourstore.com | admin |" name="And User enters Email as &quot;admin@yourstore.com&quot; and Password as &quot;admin&quot;" time="0"/>
  <testcase classname="| admin@yourstore.com | admin |" name="And Click on Login" time="0"/>
  <testcase classname="| admin@yourstore.com | admin |" name="Then Page Title should be &quot;Dashboard / nopCommerce administration&quot;" time="0"/>
  <testcase classname="| admin@yourstore.com | admin |" name="When User click on Logout link" time="0.001"/>
  <testcase classname="| admin@yourstore.com | admin |" name="Then Page Title should be &quot;Your store. Login&quot;" time="0"/>
  <testcase classname="| admin@yourstore.com | admin |" name="And close browser" time="0"/>
  <testcase classname="| admin@yourstore.com | admin |" name="| admin@yourstore.com | admin |" time="0.002"/>
</testsuite>